\BOOKMARK [0][-]{chapter*.2}{Preface}{}% 1
\BOOKMARK [0][-]{chapter.1}{The\040fundamental\040law\040of\040population\040dynamics}{}% 2
\BOOKMARK [1][-]{section.1.1}{Introduction}{chapter.1}% 3
\BOOKMARK [1][-]{section.1.2}{The\040laws\040of\040nature}{chapter.1}% 4
\BOOKMARK [1][-]{section.1.3}{The\040nature\040of\040models\040of\040nature}{chapter.1}% 5
\BOOKMARK [1][-]{section.1.4}{Glossary}{chapter.1}% 6
\BOOKMARK [0][-]{chapter.2}{Making\040decisions}{}% 7
\BOOKMARK [1][-]{section.2.1}{Learning\040objectives}{chapter.2}% 8
\BOOKMARK [1][-]{section.2.2}{Problem}{chapter.2}% 9
\BOOKMARK [1][-]{section.2.3}{Objectives}{chapter.2}% 10
\BOOKMARK [1][-]{section.2.4}{Alternatives}{chapter.2}% 11
\BOOKMARK [1][-]{section.2.5}{Consequences}{chapter.2}% 12
\BOOKMARK [1][-]{section.2.6}{Tradeoffs}{chapter.2}% 13
\BOOKMARK [1][-]{section.2.7}{Exercises}{chapter.2}% 14
\BOOKMARK [0][-]{chapter.3}{References}{}% 15
\BOOKMARK [0][-]{chapter.4}{Estimating\040Abundance}{}% 16
\BOOKMARK [1][-]{section.4.1}{Sampling\040error,\040accuracy\040and\040precision}{chapter.4}% 17
\BOOKMARK [1][-]{section.4.2}{Simple\040random\040sampling}{chapter.4}% 18
\BOOKMARK [1][-]{section.4.3}{How\040big\040a\040sample\040to\040take?}{chapter.4}% 19
\BOOKMARK [1][-]{section.4.4}{Areas\040of\040different\040sizes}{chapter.4}% 20
\BOOKMARK [1][-]{section.4.5}{Stratified\040Sampling}{chapter.4}% 21
\BOOKMARK [1][-]{section*.5}{Further\040Reading}{chapter.4}% 22
\BOOKMARK [1][-]{section*.6}{Exercises}{chapter.4}% 23
\BOOKMARK [0][-]{chapter.5}{Exponential\040growth\040and\040decay}{}% 24
\BOOKMARK [1][-]{section.5.1}{Deaths}{chapter.5}% 25
\BOOKMARK [1][-]{section.5.2}{Births}{chapter.5}% 26
\BOOKMARK [1][-]{section.5.3}{Turchin's\040law\040of\040population\040inertia}{chapter.5}% 27
\BOOKMARK [1][-]{section.5.4}{Estimating\040r}{chapter.5}% 28
\BOOKMARK [1][-]{section.5.5}{Glossary}{chapter.5}% 29
\BOOKMARK [1][-]{section.5.6}{Exercises}{chapter.5}% 30
\BOOKMARK [0][-]{chapter.6}{Population\040Regulation\040and\040Stochasticity}{}% 31
\BOOKMARK [1][-]{section.6.1}{Resource\040Limitation}{chapter.6}% 32
\BOOKMARK [1][-]{section.6.2}{Density\040Dependent\040or\040Independent?}{chapter.6}% 33
\BOOKMARK [1][-]{section.6.3}{Stochasticity}{chapter.6}% 34
\BOOKMARK [1][-]{section.6.4}{Trends\040over\040time}{chapter.6}% 35
\BOOKMARK [1][-]{section.6.5}{Glossary}{chapter.6}% 36
\BOOKMARK [0][-]{chapter.7}{Harvesting\040and\040Control}{}% 37
\BOOKMARK [1][-]{section.7.1}{Compensatory\040and\040Additive\040Mortality}{chapter.7}% 38
\BOOKMARK [1][-]{section.7.2}{A\040Better\040Model\040For\040Harvesting\040Wildlife}{chapter.7}% 39
\BOOKMARK [1][-]{section.7.3}{What\040about\040control?}{chapter.7}% 40
\BOOKMARK [1][-]{section.7.4}{A\040``rule\040of\040thumb''\040for\040harvest\040and\040control}{chapter.7}% 41
\BOOKMARK [1][-]{section.7.5}{Exercises}{chapter.7}% 42
\BOOKMARK [0][-]{chapter.8}{Structured\040Populations}{}% 43
\BOOKMARK [1][-]{section.8.1}{Age\040structure}{chapter.8}% 44
\BOOKMARK [1][-]{section.8.2}{Population\040Projection\040Matrices}{chapter.8}% 45
\BOOKMARK [1][-]{section.8.3}{A\040more\040complex\040example}{chapter.8}% 46
\BOOKMARK [1][-]{section.8.4}{Sensitivity\040and\040elasticity}{chapter.8}% 47
\BOOKMARK [1][-]{section.8.5}{Stage\040or\040size\040structured\040populations}{chapter.8}% 48
\BOOKMARK [1][-]{section.8.6}{Exercises}{chapter.8}% 49
\BOOKMARK [0][-]{chapter.9}{Conservation\040of\040small\040populations}{}% 50
\BOOKMARK [1][-]{section.9.1}{Minimum\040viable\040population\040size}{chapter.9}% 51
\BOOKMARK [1][-]{section.9.2}{Extinction\040risk\040and\040expected\040minimum\040population\040size}{chapter.9}% 52
\BOOKMARK [1][-]{section.9.3}{Dealing\040with\040habitat\040fragmentation}{chapter.9}% 53
